<?xml version="1.0" encoding="UTF-8"?>
<!-- Generated by org.testng.reporters.JUnitXMLReporter -->
<testsuite ignored="0" hostname="LAPTOP-B60O8NK3" failures="0" tests="3" name="Default test" time="72.241" errors="0" timestamp="2025-09-25T00:11:39 IST">
  <testcase classname="tests.SignupTest" name="testSignup" time="40.627"/>
  <testcase classname="tests.SignupTest" name="testSignup" time="21.473"/>
  <testcase classname="tests.SignupTest" name="testSignup" time="7.461"/>
</testsuite> <!-- Default test -->
