<?xml version="1.0" encoding="UTF-8"?>
<testng-results ignored="0" total="3" passed="3" failed="0" skipped="0">
  <reporter-output>
  </reporter-output>
  <suite started-at="2025-09-25T00:10:27 IST" name="Default suite" finished-at="2025-09-25T00:11:39 IST" duration-ms="72241">
    <groups>
      <group name="regression">
        <method signature="SignupTest.testSignup(java.lang.String,java.lang.String)[pri:1, instance:tests.SignupTest@672872e1]" name="testSignup" class="tests.SignupTest"/>
      </group> <!-- regression -->
      <group name="smoke">
        <method signature="SignupTest.testSignup(java.lang.String,java.lang.String)[pri:1, instance:tests.SignupTest@672872e1]" name="testSignup" class="tests.SignupTest"/>
      </group> <!-- smoke -->
      <group name="sanity">
        <method signature="SignupTest.testSignup(java.lang.String,java.lang.String)[pri:1, instance:tests.SignupTest@672872e1]" name="testSignup" class="tests.SignupTest"/>
      </group> <!-- sanity -->
    </groups>
    <test started-at="2025-09-25T00:10:27 IST" name="Default test" finished-at="2025-09-25T00:11:39 IST" duration-ms="72241">
      <class name="tests.SignupTest">
        <test-method is-config="true" signature="setup()[pri:0, instance:tests.SignupTest@672872e1]" started-at="2025-09-25T00:10:27 IST" name="setup" finished-at="2025-09-25T00:10:29 IST" duration-ms="2046" status="PASS">
          <reporter-output>
          </reporter-output>
        </test-method> <!-- setup -->
        <test-method signature="testSignup(java.lang.String,java.lang.String)[pri:1, instance:tests.SignupTest@672872e1]" started-at="2025-09-25T00:10:29 IST" name="testSignup" data-provider="signupData" finished-at="2025-09-25T00:11:10 IST" duration-ms="40627" status="PASS">
          <params>
            <param index="0">
              <value>
                <![CDATA[sanjaykumar536601@gmail.com]]>
              </value>
            </param>
            <param index="1">
              <value>
                <![CDATA[sanjay001@]]>
              </value>
            </param>
          </params>
          <reporter-output>
          </reporter-output>
        </test-method> <!-- testSignup -->
        <test-method signature="testSignup(java.lang.String,java.lang.String)[pri:1, instance:tests.SignupTest@672872e1]" started-at="2025-09-25T00:11:10 IST" name="testSignup" data-provider="signupData" finished-at="2025-09-25T00:11:31 IST" duration-ms="21473" status="PASS">
          <params>
            <param index="0">
              <value>
                <![CDATA[testuser1@gmail.com]]>
              </value>
            </param>
            <param index="1">
              <value>
                <![CDATA[Test@1234]]>
              </value>
            </param>
          </params>
          <reporter-output>
          </reporter-output>
        </test-method> <!-- testSignup -->
        <test-method signature="testSignup(java.lang.String,java.lang.String)[pri:1, instance:tests.SignupTest@672872e1]" started-at="2025-09-25T00:11:31 IST" name="testSignup" data-provider="signupData" finished-at="2025-09-25T00:11:39 IST" duration-ms="7461" status="PASS">
          <params>
            <param index="0">
              <value>
                <![CDATA[testuser2@gmail.com]]>
              </value>
            </param>
            <param index="1">
              <value>
                <![CDATA[Test@5678]]>
              </value>
            </param>
          </params>
          <reporter-output>
          </reporter-output>
        </test-method> <!-- testSignup -->
        <test-method is-config="true" signature="teardown()[pri:0, instance:tests.SignupTest@672872e1]" started-at="2025-09-25T00:11:39 IST" name="teardown" finished-at="2025-09-25T00:11:39 IST" duration-ms="550" status="PASS">
          <reporter-output>
          </reporter-output>
        </test-method> <!-- teardown -->
      </class> <!-- tests.SignupTest -->
    </test> <!-- Default test -->
  </suite> <!-- Default suite -->
</testng-results>
